[26Jan2025 00:01:57.131] [Server thread/INFO] [net.minecraft.server.network.ServerGamePacketListenerImpl/]: STRANJO lost connection: Timed out
[26Jan2025 00:01:57.135] [Server thread/INFO] [net.minecraft.server.MinecraftServer/]: STRANJO left the game
[26Jan2025 00:01:57.139] [Server thread/INFO] [net.nicguzzo.wands.WandsMod/]: remove player wand
[26Jan2025 00:01:57.215] [Server thread/WARN] [net.minecraft.network.Connection/]: handleDisconnection() called twice
[26Jan2025 00:07:34.325] [Server thread/INFO] [net.minecraft.server.players.PlayerList/]: STRANJO[/100.101.117.36:50447] logged in with entity id 23023 at (680.3202227837094, 117.0, -333.6984082841666)
[26Jan2025 00:07:34.354] [Server thread/INFO] [net.minecraft.server.MinecraftServer/]: STRANJO joined the game
[26Jan2025 00:07:34.372] [Server thread/INFO] [net.nicguzzo.wands.WandsMod/]: PLAYER_JOIN
[26Jan2025 00:07:34.373] [Server thread/INFO] [net.nicguzzo.wands.WandsMod/]: add_player wand
[26Jan2025 00:07:34.373] [Server thread/INFO] [net.nicguzzo.wands.WandsMod/]: config sent
[26Jan2025 00:07:34.376] [Server thread/INFO] [Jade/]: Syncing config to STRANJO (2e6e150c-8207-3118-accc-8edfd2b8dd5b)
[26Jan2025 00:07:36.884] [Netty Epoll Server IO #6/INFO] [ShulkerBoxTooltip/]: [ShulkerBoxTooltip] STRANJO: protocol version: 2.0
[26Jan2025 00:07:36.911] [Server thread/INFO] [ShulkerBoxTooltip Plugins/]: [ShulkerBoxTooltip Plugins] Loading 1 plugin: shulkerboxtooltip
[26Jan2025 00:07:36.918] [Server thread/INFO] [ShulkerBoxTooltip Plugins/]: [ShulkerBoxTooltip Plugins] Registered 7 providers for mod shulkerboxtooltip
[26Jan2025 00:14:10.176] [Server thread/INFO] [net.minecraft.server.network.ServerGamePacketListenerImpl/]: STRANJO lost connection: Disconnected
[26Jan2025 00:14:10.176] [Server thread/INFO] [net.minecraft.server.MinecraftServer/]: STRANJO left the game
[26Jan2025 00:14:10.177] [Server thread/INFO] [net.nicguzzo.wands.WandsMod/]: remove player wand
[26Jan2025 00:16:00.672] [Config file watcher thread/INFO] [portb.configlib.ConfigLib/]: Watcher has shut down
[26Jan2025 00:16:00.675] [Server thread/INFO] [net.minecraft.server.MinecraftServer/]: Stopping server
[26Jan2025 00:16:00.677] [Server thread/INFO] [net.minecraft.server.MinecraftServer/]: Saving players
[26Jan2025 00:16:00.677] [Server thread/INFO] [net.minecraft.server.MinecraftServer/]: Saving worlds
[26Jan2025 00:16:00.829] [Server thread/INFO] [net.minecraft.server.MinecraftServer/]: Saving chunks for level 'ServerLevel[world]'/minecraft:overworld
[26Jan2025 00:16:01.114] [Server thread/INFO] [net.minecraft.server.MinecraftServer/]: Saving chunks for level 'ServerLevel[world]'/deeperdarker:otherside
[26Jan2025 00:16:01.115] [Server thread/INFO] [net.minecraft.server.MinecraftServer/]: Saving chunks for level 'ServerLevel[world]'/the_backrooms_loxor:level_2
[26Jan2025 00:16:01.125] [Server thread/INFO] [net.minecraft.server.MinecraftServer/]: Saving chunks for level 'ServerLevel[world]'/the_backrooms_loxor:level_3
[26Jan2025 00:16:01.127] [Server thread/INFO] [net.minecraft.server.MinecraftServer/]: Saving chunks for level 'ServerLevel[world]'/the_backrooms_loxor:level_0
[26Jan2025 00:16:01.128] [Server thread/INFO] [net.minecraft.server.MinecraftServer/]: Saving chunks for level 'ServerLevel[world]'/minecraft:the_nether
[26Jan2025 00:16:01.129] [Server thread/INFO] [net.minecraft.server.MinecraftServer/]: Saving chunks for level 'ServerLevel[world]'/boh:gaster_dimension
[26Jan2025 00:16:01.131] [Server thread/INFO] [net.minecraft.server.MinecraftServer/]: Saving chunks for level 'ServerLevel[world]'/minecraft:the_end
[26Jan2025 00:16:01.131] [Server thread/INFO] [net.minecraft.server.MinecraftServer/]: Saving chunks for level 'ServerLevel[world]'/aether:the_aether
[26Jan2025 00:16:01.132] [Server thread/INFO] [net.minecraft.server.MinecraftServer/]: Saving chunks for level 'ServerLevel[world]'/the_backrooms_loxor:level_1
[26Jan2025 00:16:01.138] [Server thread/INFO] [net.minecraft.server.MinecraftServer/]: Saving chunks for level 'ServerLevel[world]'/the_backrooms_loxor:level_5
[26Jan2025 00:16:01.142] [Server thread/INFO] [net.minecraft.server.MinecraftServer/]: Saving chunks for level 'ServerLevel[world]'/the_backrooms_loxor:level_4
[26Jan2025 00:16:01.149] [Server thread/INFO] [net.minecraft.server.MinecraftServer/]: Saving chunks for level 'ServerLevel[world]'/boh:level_0
[26Jan2025 00:16:01.150] [Server thread/INFO] [net.minecraft.server.MinecraftServer/]: Saving chunks for level 'ServerLevel[world]'/boh:boiler_room_dimension
[26Jan2025 00:16:01.426] [Server thread/INFO] [net.minecraft.server.MinecraftServer/]: ThreadedAnvilChunkStorage (world): All chunks are saved
[26Jan2025 00:16:01.427] [Server thread/INFO] [net.minecraft.server.MinecraftServer/]: ThreadedAnvilChunkStorage (otherside): All chunks are saved
[26Jan2025 00:16:01.427] [Server thread/INFO] [net.minecraft.server.MinecraftServer/]: ThreadedAnvilChunkStorage (level_2): All chunks are saved
[26Jan2025 00:16:01.427] [Server thread/INFO] [net.minecraft.server.MinecraftServer/]: ThreadedAnvilChunkStorage (level_3): All chunks are saved
[26Jan2025 00:16:01.427] [Server thread/INFO] [net.minecraft.server.MinecraftServer/]: ThreadedAnvilChunkStorage (level_0): All chunks are saved
[26Jan2025 00:16:01.427] [Server thread/INFO] [net.minecraft.server.MinecraftServer/]: ThreadedAnvilChunkStorage (DIM-1): All chunks are saved
[26Jan2025 00:16:01.427] [Server thread/INFO] [net.minecraft.server.MinecraftServer/]: ThreadedAnvilChunkStorage (gaster_dimension): All chunks are saved
[26Jan2025 00:16:01.428] [Server thread/INFO] [net.minecraft.server.MinecraftServer/]: ThreadedAnvilChunkStorage (DIM1): All chunks are saved
[26Jan2025 00:16:01.429] [Server thread/INFO] [net.minecraft.server.MinecraftServer/]: ThreadedAnvilChunkStorage (the_aether): All chunks are saved
[26Jan2025 00:16:01.429] [Server thread/INFO] [net.minecraft.server.MinecraftServer/]: ThreadedAnvilChunkStorage (level_1): All chunks are saved
[26Jan2025 00:16:01.429] [Server thread/INFO] [net.minecraft.server.MinecraftServer/]: ThreadedAnvilChunkStorage (level_5): All chunks are saved
[26Jan2025 00:16:01.430] [Server thread/INFO] [net.minecraft.server.MinecraftServer/]: ThreadedAnvilChunkStorage (level_4): All chunks are saved
[26Jan2025 00:16:01.430] [Server thread/INFO] [net.minecraft.server.MinecraftServer/]: ThreadedAnvilChunkStorage (level_0): All chunks are saved
[26Jan2025 00:16:01.431] [Server thread/INFO] [net.minecraft.server.MinecraftServer/]: ThreadedAnvilChunkStorage (boiler_room_dimension): All chunks are saved
[26Jan2025 00:16:01.432] [Server thread/INFO] [net.minecraft.server.MinecraftServer/]: ThreadedAnvilChunkStorage: All dimensions are saved
[26Jan2025 00:16:01.717] [Server thread/INFO] [Framework/]: Unloading server configs...
[26Jan2025 00:16:01.727] [Server thread/INFO] [Framework/]: Sending config unload event for refurbished_furniture.server.toml
[26Jan2025 00:16:01.732] [Server thread/INFO] [Framework/]: Finished unloading server configs
